<?xml version="1.0" encoding="UTF-8"?>
<testng-results skipped="0" failed="0" total="1" passed="1">
  <reporter-output>
  </reporter-output>
  <suite name="Default suite" duration-ms="21965" started-at="2019-07-30T10:24:10Z" finished-at="2019-07-30T10:24:32Z">
    <groups>
    </groups>
    <test name="Default test" duration-ms="21965" started-at="2019-07-30T10:24:10Z" finished-at="2019-07-30T10:24:32Z">
      <class name="com.auto.tests.TC_Login_02">
        <test-method status="PASS" signature="setUp()[pri:0, instance:com.auto.tests.TC_Login_02@3f0ee7cb]" name="setUp" is-config="true" duration-ms="4680" started-at="2019-07-30T15:54:05Z" finished-at="2019-07-30T15:54:10Z">
          <reporter-output>
          </reporter-output>
        </test-method> <!-- setUp -->
        <test-method status="PASS" signature="beforeMethod()[pri:0, instance:com.auto.tests.TC_Login_02@3f0ee7cb]" name="beforeMethod" is-config="true" duration-ms="7831" started-at="2019-07-30T15:54:10Z" finished-at="2019-07-30T15:54:18Z">
          <reporter-output>
          </reporter-output>
        </test-method> <!-- beforeMethod -->
        <test-method status="PASS" signature="loginTest()[pri:0, instance:com.auto.tests.TC_Login_02@3f0ee7cb]" name="loginTest" duration-ms="14134" started-at="2019-07-30T15:54:18Z" finished-at="2019-07-30T15:54:32Z">
          <reporter-output>
          </reporter-output>
        </test-method> <!-- loginTest -->
        <test-method status="PASS" signature="tearDown()[pri:0, instance:com.auto.tests.TC_Login_02@3f0ee7cb]" name="tearDown" is-config="true" duration-ms="830" started-at="2019-07-30T15:54:32Z" finished-at="2019-07-30T15:54:33Z">
          <reporter-output>
          </reporter-output>
        </test-method> <!-- tearDown -->
      </class> <!-- com.auto.tests.TC_Login_02 -->
    </test> <!-- Default test -->
  </suite> <!-- Default suite -->
</testng-results>
